c:\astar-master\astar\x64\debug\vc140.pdb
c:\astar-master\astar\x64\debug\vc140.idb
c:\astar-master\astar\x64\debug\astar.obj
c:\astar-master\astar\x64\debug\grid.obj
c:\astar-master\astar\x64\debug\main.obj
c:\astar-master\astar\x64\debug\axismergeimage.obj
c:\astar-master\astar\x64\debug\node.obj
c:\astar-master\astar\x64\debug\nodegrid.obj
c:\astar-master\astar\x64\debug\nodelist.obj
c:\astar-master\astar\x64\debug\objectdetection.obj
c:\astar-master\astar\x64\debug\parcel.obj
c:\astar-master\astar\x64\debug\stdafx.obj
c:\astar-master\x64\debug\astar.ilk
c:\astar-master\x64\debug\astar.exe
c:\astar-master\x64\debug\astar.pdb
c:\astar-master\astar\x64\debug\kernel.cu.cache
c:\astar-master\astar\x64\debug\kernel.cu.obj
c:\astar-master\astar\x64\debug\astar.tlog\cl.command.1.tlog
c:\astar-master\astar\x64\debug\astar.tlog\cl.read.1.tlog
c:\astar-master\astar\x64\debug\astar.tlog\cl.write.1.tlog
c:\astar-master\astar\x64\debug\astar.tlog\link.command.1.tlog
c:\astar-master\astar\x64\debug\astar.tlog\link.read.1.tlog
c:\astar-master\astar\x64\debug\astar.tlog\link.write.1.tlog
